<?xml version="1.0" encoding="UTF-8"?>
<testsuite name="AnchorStampTest" tests="5" skipped="0" failures="0" errors="0" timestamp="2025-10-21T04:12:44" hostname="PRESTIGE" time="0.018">
  <properties/>
  <testcase name="equivalence_vs_unsplit" classname="AnchorStampTest" time="0.008"/>
  <testcase name="endpointRobustness_Rmin" classname="AnchorStampTest" time="0.0"/>
  <testcase name="resistanceInvariant_sweepX" classname="AnchorStampTest" time="0.007"/>
  <testcase name="nortonShunt_monotone" classname="AnchorStampTest" time="0.001"/>
  <testcase name="migrationContinuity_twoEdges_smallDelta" classname="AnchorStampTest" time="0.001"/>
  <system-out><![CDATA[]]></system-out>
  <system-err><![CDATA[]]></system-err>
</testsuite>
