<?xml version="1.0" encoding="UTF-8"?>
<testsuite name="org.dcsim.unit.IslandSeparationMiniTests" tests="2" skipped="0" failures="0" errors="0" timestamp="2025-10-21T04:12:45" hostname="PRESTIGE" time="0.003">
  <properties/>
  <testcase name="islands_regenCannotFeedMotor_whenDisconnected" classname="org.dcsim.unit.IslandSeparationMiniTests" time="0.001"/>
  <testcase name="islands_regenCanFeedMotor_whenLinked" classname="org.dcsim.unit.IslandSeparationMiniTests" time="0.001"/>
  <system-out><![CDATA[[NetBuilder] Network built from GridModel
[NetBuilder] nodes=3 (ground=0)
[NetBuilder] substations=2, trains=0, lines=2
[NetBuilder] nodeIds=[0, 1, 2]
----------------------------------------------------------------
[DcLinearSolver] Start linear solve...
[DcLinearSolver] nodes=3 ground=0
[DcLinearSolver] G (before substation fallback) (3x3):
 2.500000e-01 -1.250000e-01 -1.250000e-01
-1.250000e-01  1.250000e-01  0.000000e+00
-1.250000e-01  0.000000e+00  1.250000e-01
[DcLinearSolver] J (before substation fallback) (3):
 0.000000e+00  0.000000e+00  0.000000e+00
[DcLinearSolver] Fallback stamp: a=1, b=0, E=900.000 V, R=2.000000 Î© (g=0.500000 S, I=450.000 A)
[DcLinearSolver] Fallback stamp: a=2, b=0, E=900.000 V, R=2.000000 Î© (g=0.500000 S, I=450.000 A)
[DcLinearSolver] Fallback stamped 2 substation(s).
[DcLinearSolver] G (before clamp) (3x3):
 1.250000e+00 -6.250000e-01 -6.250000e-01
-6.250000e-01  6.250000e-01  0.000000e+00
-6.250000e-01  0.000000e+00  6.250000e-01
[DcLinearSolver] J (before clamp) (3):
-9.000000e+02  4.500000e+02  4.500000e+02
[DcLinearSolver] G (after clamp) (3x3):
 1.000000e+00  0.000000e+00  0.000000e+00
 0.000000e+00  6.250000e-01  0.000000e+00
 0.000000e+00  0.000000e+00  6.250000e-01
[DcLinearSolver] J (after clamp) (3):
 0.000000e+00  4.500000e+02  4.500000e+02
[DcLinearSolver] V (node voltages) (3):
 0.000000e+00  7.200000e+02  7.200000e+02
[DcLinearSolver] Solve complete.
----------------------------------------------------------------
[NetBuilder] Network built from GridModel
[NetBuilder] nodes=3 (ground=0)
[NetBuilder] substations=2, trains=0, lines=3
[NetBuilder] nodeIds=[0, 1, 2]
----------------------------------------------------------------
[DcLinearSolver] Start linear solve...
[DcLinearSolver] nodes=3 ground=0
[DcLinearSolver] G (before substation fallback) (3x3):
 2.500000e-01 -1.250000e-01 -1.250000e-01
-1.250000e-01  2.125000e+00 -2.000000e+00
-1.250000e-01 -2.000000e+00  2.125000e+00
[DcLinearSolver] J (before substation fallback) (3):
 0.000000e+00  0.000000e+00  0.000000e+00
[DcLinearSolver] Fallback stamp: a=1, b=0, E=900.000 V, R=2.000000 Î© (g=0.500000 S, I=450.000 A)
[DcLinearSolver] Fallback stamp: a=2, b=0, E=900.000 V, R=2.000000 Î© (g=0.500000 S, I=450.000 A)
[DcLinearSolver] Fallback stamped 2 substation(s).
[DcLinearSolver] G (before clamp) (3x3):
 1.250000e+00 -6.250000e-01 -6.250000e-01
-6.250000e-01  2.625000e+00 -2.000000e+00
-6.250000e-01 -2.000000e+00  2.625000e+00
[DcLinearSolver] J (before clamp) (3):
-9.000000e+02  4.500000e+02  4.500000e+02
[DcLinearSolver] G (after clamp) (3x3):
 1.000000e+00  0.000000e+00  0.000000e+00
 0.000000e+00  2.625000e+00 -2.000000e+00
 0.000000e+00 -2.000000e+00  2.625000e+00
[DcLinearSolver] J (after clamp) (3):
 0.000000e+00  4.500000e+02  4.500000e+02
[DcLinearSolver] V (node voltages) (3):
 0.000000e+00  7.200000e+02  7.200000e+02
[DcLinearSolver] Solve complete.
----------------------------------------------------------------
]]></system-out>
  <system-err><![CDATA[]]></system-err>
</testsuite>
