<?xml version="1.0" encoding="UTF-8"?>
<testsuite name="org.dcsim.unit.ScenarioSmokeTests" tests="2" skipped="0" failures="0" errors="0" timestamp="2025-10-21T04:12:45" hostname="PRESTIGE" time="0.049">
  <properties/>
  <testcase name="threeSubs_twoTrains_mixed_profiles" classname="org.dcsim.unit.ScenarioSmokeTests" time="0.033"/>
  <testcase name="threeSubs_oneRegenTrain_profiles" classname="org.dcsim.unit.ScenarioSmokeTests" time="0.015"/>
  <system-out><![CDATA[----------------------------------------------------------------
[it=0] start
[SS a=1 b=0] ACTIVE  dV=0.000V  E=900.000V  R=0.200000Î©  g=5.000e+00  Isrc=4500.000A  Pâ‰ˆ0.0W
[isl] components=1
[isl] compHasActiveSubstation=[true]
[isl] compBackfeedAllowed   =[false]
[train Tmotor] comp=0 motorEnabled=true
[TRAIN Tmotor] req=850.0W vabs=0.000V vmin=600.0 vmax=1000.0 motorEnabled=true -> Iab=0.000A P=0.0W
[train Tregen] comp=0 motorEnabled=true
[TRAIN Tregen] req=1000.0W vabs=0.000V vmin=600.0 vmax=1000.0 motorEnabled=true -> Iab=0.000A P=0.0W
[clamp] node 0 <= 0V (GROUND)
=== G ===
  1.000000e+00   0.000000e+00   0.000000e+00   0.000000e+00 
  0.000000e+00   7.000000e+00  -2.000000e+00   0.000000e+00 
  0.000000e+00  -2.000000e+00   4.000000e+00  -2.000000e+00 
  0.000000e+00   0.000000e+00  -2.000000e+00   2.000000e+00 
=== J ===
  0.000000e+00   4.500000e+03   0.000000e+00   0.000000e+00 
[it=0] kclInf=6.821e-13  dvInf=9.000e+02  Vmin=0.000  Vmax=900.000
----------------------------------------------------------------
[it=1] start
[SS a=1 b=0] ACTIVE  dV=900.000V  E=900.000V  R=0.200000Î©  g=5.000e+00  Isrc=4500.000A  Pâ‰ˆ4050000.0W
[isl] components=1
[isl] compHasActiveSubstation=[true]
[isl] compBackfeedAllowed   =[false]
[train Tmotor] comp=0 motorEnabled=true
[TRAIN Tmotor] req=850.0W vabs=900.000V vmin=600.0 vmax=1000.0 motorEnabled=true -> Iab=0.944A P=850.0W
[train Tregen] comp=0 motorEnabled=true
[TRAIN Tregen] req=1000.0W vabs=900.000V vmin=600.0 vmax=1000.0 motorEnabled=true -> Iab=1.111A P=1000.0W
[clamp] node 0 <= 0V (GROUND)
=== G ===
  1.000000e+00   0.000000e+00   0.000000e+00   0.000000e+00 
  0.000000e+00   7.000000e+00  -2.000000e+00   0.000000e+00 
  0.000000e+00  -2.000000e+00   4.000000e+00  -2.000000e+00 
  0.000000e+00   0.000000e+00  -2.000000e+00   2.000000e+00 
=== J ===
  0.000000e+00   4.500000e+03  -9.444444e-01  -1.111111e+00 
[it=1] kclInf=2.016e-13  dvInf=1.994e+00  Vmin=0.000  Vmax=899.589
----------------------------------------------------------------
[it=2] start
[SS a=1 b=0] ACTIVE  dV=899.589V  E=900.000V  R=0.200000Î©  g=5.000e+00  Isrc=4500.000A  Pâ‰ˆ4048150.0W
[isl] components=1
[isl] compHasActiveSubstation=[true]
[isl] compBackfeedAllowed   =[false]
[train Tmotor] comp=0 motorEnabled=true
[TRAIN Tmotor] req=850.0W vabs=898.561V vmin=600.0 vmax=1000.0 motorEnabled=true -> Iab=0.946A P=850.0W
[train Tregen] comp=0 motorEnabled=true
[TRAIN Tregen] req=1000.0W vabs=898.006V vmin=600.0 vmax=1000.0 motorEnabled=true -> Iab=1.114A P=1000.0W
[clamp] node 0 <= 0V (GROUND)
=== G ===
  1.000000e+00   0.000000e+00   0.000000e+00   0.000000e+00 
  0.000000e+00   7.000000e+00  -2.000000e+00   0.000000e+00 
  0.000000e+00  -2.000000e+00   4.000000e+00  -2.000000e+00 
  0.000000e+00   0.000000e+00  -2.000000e+00   2.000000e+00 
=== J ===
  0.000000e+00   4.500000e+03  -9.459568e-01  -1.113579e+00 
[it=2] kclInf=2.609e-13  dvInf=4.020e-03  Vmin=0.000  Vmax=899.588
----------------------------------------------------------------
[it=3] start
[SS a=1 b=0] ACTIVE  dV=899.588V  E=900.000V  R=0.200000Î©  g=5.000e+00  Isrc=4500.000A  Pâ‰ˆ4048146.4W
[isl] components=1
[isl] compHasActiveSubstation=[true]
[isl] compBackfeedAllowed   =[false]
[train Tmotor] comp=0 motorEnabled=true
[TRAIN Tmotor] req=850.0W vabs=898.558V vmin=600.0 vmax=1000.0 motorEnabled=true -> Iab=0.946A P=850.0W
[train Tregen] comp=0 motorEnabled=true
[TRAIN Tregen] req=1000.0W vabs=898.002V vmin=600.0 vmax=1000.0 motorEnabled=true -> Iab=1.114A P=1000.0W
[clamp] node 0 <= 0V (GROUND)
=== G ===
  1.000000e+00   0.000000e+00   0.000000e+00   0.000000e+00 
  0.000000e+00   7.000000e+00  -2.000000e+00   0.000000e+00 
  0.000000e+00  -2.000000e+00   4.000000e+00  -2.000000e+00 
  0.000000e+00   0.000000e+00  -2.000000e+00   2.000000e+00 
=== J ===
  0.000000e+00   4.500000e+03  -9.459597e-01  -1.113584e+00 
[it=3] kclInf=6.350e-13  dvInf=8.035e-06  Vmin=0.000  Vmax=899.588
----------------------------------------------------------------
[it=4] start
[SS a=1 b=0] ACTIVE  dV=899.588V  E=900.000V  R=0.200000Î©  g=5.000e+00  Isrc=4500.000A  Pâ‰ˆ4048146.4W
[isl] components=1
[isl] compHasActiveSubstation=[true]
[isl] compBackfeedAllowed   =[false]
[train Tmotor] comp=0 motorEnabled=true
[TRAIN Tmotor] req=850.0W vabs=898.558V vmin=600.0 vmax=1000.0 motorEnabled=true -> Iab=0.946A P=850.0W
[train Tregen] comp=0 motorEnabled=true
[TRAIN Tregen] req=1000.0W vabs=898.002V vmin=600.0 vmax=1000.0 motorEnabled=true -> Iab=1.114A P=1000.0W
[clamp] node 0 <= 0V (GROUND)
=== G ===
  1.000000e+00   0.000000e+00   0.000000e+00   0.000000e+00 
  0.000000e+00   7.000000e+00  -2.000000e+00   0.000000e+00 
  0.000000e+00  -2.000000e+00   4.000000e+00  -2.000000e+00 
  0.000000e+00   0.000000e+00  -2.000000e+00   2.000000e+00 
=== J ===
  0.000000e+00   4.500000e+03  -9.459597e-01  -1.113584e+00 
[it=4] kclInf=4.873e-13  dvInf=1.604e-08  Vmin=0.000  Vmax=899.588
[it=4] converged
[final V] V = {0.000; 899.588; 898.558; 898.002}
----------------------------------------------------------------
[it=0] start
[SS a=1 b=0] ACTIVE  dV=0.000V  E=900.000V  R=0.200000Î©  g=5.000e+00  Isrc=4500.000A  Pâ‰ˆ0.0W
[isl] components=1
[isl] compHasActiveSubstation=[true]
[isl] compBackfeedAllowed   =[false]
[train Tmotor] comp=0 motorEnabled=true
[TRAIN Tmotor] req=850.0W vabs=0.000V vmin=600.0 vmax=1000.0 motorEnabled=true -> Iab=0.000A P=0.0W
[train Tregen] comp=0 motorEnabled=true
[TRAIN Tregen] req=1000.0W vabs=0.000V vmin=600.0 vmax=1000.0 motorEnabled=true -> Iab=0.000A P=0.0W
[clamp] node 0 <= 0V (GROUND)
=== G ===
  1.000000e+00   0.000000e+00   0.000000e+00   0.000000e+00 
  0.000000e+00   7.000000e+00  -2.000000e+00   0.000000e+00 
  0.000000e+00  -2.000000e+00   4.000000e+00  -2.000000e+00 
  0.000000e+00   0.000000e+00  -2.000000e+00   2.000000e+00 
=== J ===
  0.000000e+00   4.500000e+03   0.000000e+00   0.000000e+00 
[it=0] kclInf=6.821e-13  dvInf=9.000e+02  Vmin=0.000  Vmax=900.000
----------------------------------------------------------------
[it=1] start
[SS a=1 b=0] ACTIVE  dV=900.000V  E=900.000V  R=0.200000Î©  g=5.000e+00  Isrc=4500.000A  Pâ‰ˆ4050000.0W
[isl] components=1
[isl] compHasActiveSubstation=[true]
[isl] compBackfeedAllowed   =[false]
[train Tmotor] comp=0 motorEnabled=true
[TRAIN Tmotor] req=850.0W vabs=900.000V vmin=600.0 vmax=1000.0 motorEnabled=true -> Iab=0.944A P=850.0W
[train Tregen] comp=0 motorEnabled=true
[TRAIN Tregen] req=1000.0W vabs=900.000V vmin=600.0 vmax=1000.0 motorEnabled=true -> Iab=1.111A P=1000.0W
[clamp] node 0 <= 0V (GROUND)
=== G ===
  1.000000e+00   0.000000e+00   0.000000e+00   0.000000e+00 
  0.000000e+00   7.000000e+00  -2.000000e+00   0.000000e+00 
  0.000000e+00  -2.000000e+00   4.000000e+00  -2.000000e+00 
  0.000000e+00   0.000000e+00  -2.000000e+00   2.000000e+00 
=== J ===
  0.000000e+00   4.500000e+03  -9.444444e-01  -1.111111e+00 
[it=1] kclInf=2.016e-13  dvInf=1.994e+00  Vmin=0.000  Vmax=899.589
----------------------------------------------------------------
[it=2] start
[SS a=1 b=0] ACTIVE  dV=899.589V  E=900.000V  R=0.200000Î©  g=5.000e+00  Isrc=4500.000A  Pâ‰ˆ4048150.0W
[isl] components=1
[isl] compHasActiveSubstation=[true]
[isl] compBackfeedAllowed   =[false]
[train Tmotor] comp=0 motorEnabled=true
[TRAIN Tmotor] req=850.0W vabs=898.561V vmin=600.0 vmax=1000.0 motorEnabled=true -> Iab=0.946A P=850.0W
[train Tregen] comp=0 motorEnabled=true
[TRAIN Tregen] req=1000.0W vabs=898.006V vmin=600.0 vmax=1000.0 motorEnabled=true -> Iab=1.114A P=1000.0W
[clamp] node 0 <= 0V (GROUND)
=== G ===
  1.000000e+00   0.000000e+00   0.000000e+00   0.000000e+00 
  0.000000e+00   7.000000e+00  -2.000000e+00   0.000000e+00 
  0.000000e+00  -2.000000e+00   4.000000e+00  -2.000000e+00 
  0.000000e+00   0.000000e+00  -2.000000e+00   2.000000e+00 
=== J ===
  0.000000e+00   4.500000e+03  -9.459568e-01  -1.113579e+00 
[it=2] kclInf=2.609e-13  dvInf=4.020e-03  Vmin=0.000  Vmax=899.588
----------------------------------------------------------------
[it=3] start
[SS a=1 b=0] ACTIVE  dV=899.588V  E=900.000V  R=0.200000Î©  g=5.000e+00  Isrc=4500.000A  Pâ‰ˆ4048146.4W
[isl] components=1
[isl] compHasActiveSubstation=[true]
[isl] compBackfeedAllowed   =[false]
[train Tmotor] comp=0 motorEnabled=true
[TRAIN Tmotor] req=850.0W vabs=898.558V vmin=600.0 vmax=1000.0 motorEnabled=true -> Iab=0.946A P=850.0W
[train Tregen] comp=0 motorEnabled=true
[TRAIN Tregen] req=1000.0W vabs=898.002V vmin=600.0 vmax=1000.0 motorEnabled=true -> Iab=1.114A P=1000.0W
[clamp] node 0 <= 0V (GROUND)
=== G ===
  1.000000e+00   0.000000e+00   0.000000e+00   0.000000e+00 
  0.000000e+00   7.000000e+00  -2.000000e+00   0.000000e+00 
  0.000000e+00  -2.000000e+00   4.000000e+00  -2.000000e+00 
  0.000000e+00   0.000000e+00  -2.000000e+00   2.000000e+00 
=== J ===
  0.000000e+00   4.500000e+03  -9.459597e-01  -1.113584e+00 
[it=3] kclInf=6.350e-13  dvInf=8.035e-06  Vmin=0.000  Vmax=899.588
----------------------------------------------------------------
[it=4] start
[SS a=1 b=0] ACTIVE  dV=899.588V  E=900.000V  R=0.200000Î©  g=5.000e+00  Isrc=4500.000A  Pâ‰ˆ4048146.4W
[isl] components=1
[isl] compHasActiveSubstation=[true]
[isl] compBackfeedAllowed   =[false]
[train Tmotor] comp=0 motorEnabled=true
[TRAIN Tmotor] req=850.0W vabs=898.558V vmin=600.0 vmax=1000.0 motorEnabled=true -> Iab=0.946A P=850.0W
[train Tregen] comp=0 motorEnabled=true
[TRAIN Tregen] req=1000.0W vabs=898.002V vmin=600.0 vmax=1000.0 motorEnabled=true -> Iab=1.114A P=1000.0W
[clamp] node 0 <= 0V (GROUND)
=== G ===
  1.000000e+00   0.000000e+00   0.000000e+00   0.000000e+00 
  0.000000e+00   7.000000e+00  -2.000000e+00   0.000000e+00 
  0.000000e+00  -2.000000e+00   4.000000e+00  -2.000000e+00 
  0.000000e+00   0.000000e+00  -2.000000e+00   2.000000e+00 
=== J ===
  0.000000e+00   4.500000e+03  -9.459597e-01  -1.113584e+00 
[it=4] kclInf=4.873e-13  dvInf=1.604e-08  Vmin=0.000  Vmax=899.588
[it=4] converged
[final V] V = {0.000; 899.588; 898.558; 898.002}
]]></system-out>
  <system-err><![CDATA[]]></system-err>
</testsuite>
