<?xml version="1.0" encoding="UTF-8"?>
<testsuite name="org.dcsim.train.SimpleTrainControllerEdgeEpsilonTest" tests="3" skipped="0" failures="0" errors="0" timestamp="2025-10-21T04:12:45" hostname="PRESTIGE" time="0.002">
  <properties/>
  <testcase name="traction_full_just_above_band" classname="org.dcsim.train.SimpleTrainControllerEdgeEpsilonTest" time="0.002"/>
  <testcase name="traction_zero_at_vmin_and_positive_just_above" classname="org.dcsim.train.SimpleTrainControllerEdgeEpsilonTest" time="0.0"/>
  <testcase name="regen_blocked_at_vmax_and_allowed_just_below" classname="org.dcsim.train.SimpleTrainControllerEdgeEpsilonTest" time="0.0"/>
  <system-out><![CDATA[]]></system-out>
  <system-err><![CDATA[]]></system-err>
</testsuite>
