<?xml version="1.0" encoding="UTF-8"?>
<testsuite name="org.dcsim.it.PowerFlowIntegrationIT" tests="5" skipped="5" failures="0" errors="0" timestamp="2025-10-21T04:12:45" hostname="PRESTIGE" time="0.0">
  <properties/>
  <testcase name="regen_blocks_to_resistor_when_no_receptivity" classname="org.dcsim.it.PowerFlowIntegrationIT" time="0.0">
    <skipped/>
  </testcase>
  <testcase name="regen_absorbed_by_other_train_when_fully_receptive" classname="org.dcsim.it.PowerFlowIntegrationIT" time="0.0">
    <skipped/>
  </testcase>
  <testcase name="non_regenerative_train_all_in_resistor" classname="org.dcsim.it.PowerFlowIntegrationIT" time="0.0">
    <skipped/>
  </testcase>
  <testcase name="regen_splits_between_net_and_resistor_when_partial_receptivity" classname="org.dcsim.it.PowerFlowIntegrationIT" time="0.0">
    <skipped/>
  </testcase>
  <testcase name="regen_into_substations_when_backfeed_allowed" classname="org.dcsim.it.PowerFlowIntegrationIT" time="0.0">
    <skipped/>
  </testcase>
  <system-out><![CDATA[]]></system-out>
  <system-err><![CDATA[]]></system-err>
</testsuite>
