<?xml version="1.0" encoding="UTF-8"?>
<testsuite name="org.dcsim.actors.GridModelActorSplitTest" tests="5" skipped="0" failures="0" errors="0" timestamp="2025-10-21T04:12:44" hostname="PRESTIGE" time="0.115">
  <properties/>
  <testcase name="d_blockOnVmax_allToResistor" classname="org.dcsim.actors.GridModelActorSplitTest" time="0.089"/>
  <testcase name="c1_nonReceptive_allToResistor" classname="org.dcsim.actors.GridModelActorSplitTest" time="0.005"/>
  <testcase name="c3_partialReceptivity_split" classname="org.dcsim.actors.GridModelActorSplitTest" time="0.012"/>
  <testcase name="c2_fullyReceptive_allToNet" classname="org.dcsim.actors.GridModelActorSplitTest" time="0.005"/>
  <testcase name="c4_motoring_noBrake" classname="org.dcsim.actors.GridModelActorSplitTest" time="0.004"/>
  <system-out><![CDATA[[WHERE] Substation loaded from: file:/D:/tools/dc-simulator/build/libs/dc-simulator.jar
[NetBuilder] Network built from GridModel
[NetBuilder] nodes=2 (ground=0)
[NetBuilder] substations=1, trains=0, lines=1
[NetBuilder] nodeIds=[0, 1]
----------------------------------------------------------------
[DcLinearSolver] Start linear solve...
[DcLinearSolver] nodes=2 ground=0
[DcLinearSolver] G (before substation fallback) (2x2):
 1.250000e-01 -1.250000e-01
-1.250000e-01  1.250000e-01
[DcLinearSolver] J (before substation fallback) (2):
 0.000000e+00  0.000000e+00
[DcLinearSolver] Fallback stamp: a=1, b=0, E=900.000 V, R=2.000000 Î© (g=0.500000 S, I=450.000 A)
[DcLinearSolver] Fallback stamped 1 substation(s).
[DcLinearSolver] G (before clamp) (2x2):
 6.250000e-01 -6.250000e-01
-6.250000e-01  6.250000e-01
[DcLinearSolver] J (before clamp) (2):
-4.500000e+02  4.500000e+02
[DcLinearSolver] G (after clamp) (2x2):
 1.000000e+00  0.000000e+00
 0.000000e+00  6.250000e-01
[DcLinearSolver] J (after clamp) (2):
 0.000000e+00  4.500000e+02
[DcLinearSolver] V (node voltages) (2):
 0.000000e+00  7.200000e+02
[DcLinearSolver] Solve complete.
----------------------------------------------------------------
[NetBuilder] Network built from GridModel
[NetBuilder] nodes=2 (ground=0)
[NetBuilder] substations=1, trains=0, lines=1
[NetBuilder] nodeIds=[0, 1]
----------------------------------------------------------------
[DcLinearSolver] Start linear solve...
[DcLinearSolver] nodes=2 ground=0
[DcLinearSolver] G (before substation fallback) (2x2):
 1.250000e-01 -1.250000e-01
-1.250000e-01  1.250000e-01
[DcLinearSolver] J (before substation fallback) (2):
 0.000000e+00  0.000000e+00
[DcLinearSolver] Fallback stamp: a=1, b=0, E=900.000 V, R=2.000000 Î© (g=0.500000 S, I=450.000 A)
[DcLinearSolver] Fallback stamped 1 substation(s).
[DcLinearSolver] G (before clamp) (2x2):
 6.250000e-01 -6.250000e-01
-6.250000e-01  6.250000e-01
[DcLinearSolver] J (before clamp) (2):
-4.500000e+02  4.500000e+02
[DcLinearSolver] G (after clamp) (2x2):
 1.000000e+00  0.000000e+00
 0.000000e+00  6.250000e-01
[DcLinearSolver] J (after clamp) (2):
 0.000000e+00  4.500000e+02
[DcLinearSolver] V (node voltages) (2):
 0.000000e+00  7.200000e+02
[DcLinearSolver] Solve complete.
----------------------------------------------------------------
[NetBuilder] Network built from GridModel
[NetBuilder] nodes=2 (ground=0)
[NetBuilder] substations=1, trains=0, lines=1
[NetBuilder] nodeIds=[0, 1]
----------------------------------------------------------------
[DcLinearSolver] Start linear solve...
[DcLinearSolver] nodes=2 ground=0
[DcLinearSolver] G (before substation fallback) (2x2):
 1.250000e-01 -1.250000e-01
-1.250000e-01  1.250000e-01
[DcLinearSolver] J (before substation fallback) (2):
 0.000000e+00  0.000000e+00
[DcLinearSolver] Fallback stamp: a=1, b=0, E=900.000 V, R=2.000000 Î© (g=0.500000 S, I=450.000 A)
[DcLinearSolver] Fallback stamped 1 substation(s).
[DcLinearSolver] G (before clamp) (2x2):
 6.250000e-01 -6.250000e-01
-6.250000e-01  6.250000e-01
[DcLinearSolver] J (before clamp) (2):
-4.500000e+02  4.500000e+02
[DcLinearSolver] G (after clamp) (2x2):
 1.000000e+00  0.000000e+00
 0.000000e+00  6.250000e-01
[DcLinearSolver] J (after clamp) (2):
 0.000000e+00  4.500000e+02
[DcLinearSolver] V (node voltages) (2):
 0.000000e+00  7.200000e+02
[DcLinearSolver] Solve complete.
----------------------------------------------------------------
[NetBuilder] Network built from GridModel
[NetBuilder] nodes=2 (ground=0)
[NetBuilder] substations=1, trains=0, lines=1
[NetBuilder] nodeIds=[0, 1]
----------------------------------------------------------------
[DcLinearSolver] Start linear solve...
[DcLinearSolver] nodes=2 ground=0
[DcLinearSolver] G (before substation fallback) (2x2):
 1.250000e-01 -1.250000e-01
-1.250000e-01  1.250000e-01
[DcLinearSolver] J (before substation fallback) (2):
 0.000000e+00  0.000000e+00
[DcLinearSolver] Fallback stamp: a=1, b=0, E=900.000 V, R=2.000000 Î© (g=0.500000 S, I=450.000 A)
[DcLinearSolver] Fallback stamped 1 substation(s).
[DcLinearSolver] G (before clamp) (2x2):
 6.250000e-01 -6.250000e-01
-6.250000e-01  6.250000e-01
[DcLinearSolver] J (before clamp) (2):
-4.500000e+02  4.500000e+02
[DcLinearSolver] G (after clamp) (2x2):
 1.000000e+00  0.000000e+00
 0.000000e+00  6.250000e-01
[DcLinearSolver] J (after clamp) (2):
 0.000000e+00  4.500000e+02
[DcLinearSolver] V (node voltages) (2):
 0.000000e+00  7.200000e+02
[DcLinearSolver] Solve complete.
----------------------------------------------------------------
[NetBuilder] Network built from GridModel
[NetBuilder] nodes=2 (ground=0)
[NetBuilder] substations=1, trains=0, lines=1
[NetBuilder] nodeIds=[0, 1]
----------------------------------------------------------------
[DcLinearSolver] Start linear solve...
[DcLinearSolver] nodes=2 ground=0
[DcLinearSolver] G (before substation fallback) (2x2):
 1.250000e-01 -1.250000e-01
-1.250000e-01  1.250000e-01
[DcLinearSolver] J (before substation fallback) (2):
 0.000000e+00  0.000000e+00
[DcLinearSolver] Fallback stamp: a=1, b=0, E=900.000 V, R=2.000000 Î© (g=0.500000 S, I=450.000 A)
[DcLinearSolver] Fallback stamped 1 substation(s).
[DcLinearSolver] G (before clamp) (2x2):
 6.250000e-01 -6.250000e-01
-6.250000e-01  6.250000e-01
[DcLinearSolver] J (before clamp) (2):
-4.500000e+02  4.500000e+02
[DcLinearSolver] G (after clamp) (2x2):
 1.000000e+00  0.000000e+00
 0.000000e+00  6.250000e-01
[DcLinearSolver] J (after clamp) (2):
 0.000000e+00  4.500000e+02
[DcLinearSolver] V (node voltages) (2):
 0.000000e+00  7.200000e+02
[DcLinearSolver] Solve complete.
----------------------------------------------------------------
]]></system-out>
  <system-err><![CDATA[]]></system-err>
</testsuite>
