<?xml version="1.0" encoding="UTF-8"?>
<testsuite name="org.dcsim.utils.SectionChainRoundTripTest" tests="4" skipped="0" failures="0" errors="0" timestamp="2025-10-21T04:12:45" hostname="PRESTIGE" time="0.001">
  <properties/>
  <testcase name="toAbsolute_within_first_section" classname="org.dcsim.utils.SectionChainRoundTripTest" time="0.0"/>
  <testcase name="round_trip_absolute_position" classname="org.dcsim.utils.SectionChainRoundTripTest" time="0.0"/>
  <testcase name="fromAbsolute_edges_and_middle" classname="org.dcsim.utils.SectionChainRoundTripTest" time="0.0"/>
  <testcase name="toAbsolute_into_second_section" classname="org.dcsim.utils.SectionChainRoundTripTest" time="0.0"/>
  <system-out><![CDATA[]]></system-out>
  <system-err><![CDATA[]]></system-err>
</testsuite>
